2025-01-14 10:58:51,990 [INFO] Activator:176 - 


2025-01-14 10:58:51,992 [INFO] Activator:177 - !SESSION log4j initialized
2025-01-14 10:58:55,105 [INFO] LogOutputStream:77 - [STDOUT_REDIRECT] 
2025-01-14 10:58:57,836 [INFO] ApplicationProperties:184 - Using Application install path: C:\ST\STM32CubeIDE_1.17.0\STM32CubeIDE\plugins\com.st.stm32cube.common.mx_6.13.0.202411220809
2025-01-14 10:58:57,853 [INFO] DbMcusXml:78 - Set database path to: C:\ST\STM32CubeIDE_1.17.0\STM32CubeIDE\plugins\com.st.stm32cube.common.mx_6.13.0.202411220809\\db\/mcu/
2025-01-14 10:58:57,853 [INFO] ApiDb:274 - Set plugin database path to: C:\ST\STM32CubeIDE_1.17.0\STM32CubeIDE\plugins\com.st.stm32cube.common.mx_6.13.0.202411220809\\db\/plugins/boardmanager/
2025-01-14 10:58:57,854 [WARN] ApiDb:259 - Overriding images path with different value:  => C:\ST\STM32CubeIDE_1.17.0\STM32CubeIDE\plugins\com.st.stm32cube.common.mx_6.13.0.202411220809\\db\/plugins/mcufinder/images/
2025-01-14 10:58:57,859 [INFO] ApiDb:250 - Set database path to: C:\Users\gagno\.stmcufinder\plugins\mcufinder//mcu/
2025-01-14 10:58:57,860 [INFO] DbMcusAds:125 - Set database path to: C:\Users\gagno\.stmcufinder\plugins\mcufinder//mcu/
2025-01-14 10:58:57,862 [INFO] CrossReferenceDbSqlite:203 - Set database path to: C:\Users\gagno\.stmcufinder\plugins\mcufinder//mcu/cs/
2025-01-14 10:58:57,963 [INFO] RulesReader:64 - Compatibility file has been processed (297 Rules)
2025-01-14 10:58:58,103 [INFO] DbMcusXml:78 - Set database path to: C:\ST\STM32CubeIDE_1.17.0\STM32CubeIDE\plugins\com.st.stm32cube.common.mx_6.13.0.202411220809\\db\/mcu/
2025-01-14 10:58:58,103 [INFO] ApiDb:274 - Set plugin database path to: C:\ST\STM32CubeIDE_1.17.0\STM32CubeIDE\plugins\com.st.stm32cube.common.mx_6.13.0.202411220809\\db\/plugins/boardmanager/
2025-01-14 10:58:58,103 [INFO] ApiDb:261 - Set plugin images path to: C:\ST\STM32CubeIDE_1.17.0\STM32CubeIDE\plugins\com.st.stm32cube.common.mx_6.13.0.202411220809\\db\/plugins/mcufinder/images/
2025-01-14 10:58:58,103 [WARN] DbFile:41 - Overriding database path with different value: C:\Users\gagno\.stmcufinder\plugins\mcufinder/ => C:\Users\gagno\.stmcufinder\plugins\mcufinder
2025-01-14 10:58:58,103 [INFO] ApiDb:250 - Set database path to: C:\Users\gagno\.stmcufinder\plugins\mcufinder//mcu/
2025-01-14 10:58:58,103 [WARN] DbFile:41 - Overriding database path with different value: C:\Users\gagno\.stmcufinder\plugins\mcufinder/ => C:\Users\gagno\.stmcufinder\plugins\mcufinder
2025-01-14 10:58:58,103 [INFO] DbMcusAds:125 - Set database path to: C:\Users\gagno\.stmcufinder\plugins\mcufinder//mcu/
2025-01-14 10:58:58,103 [WARN] DbFile:41 - Overriding database path with different value: C:\Users\gagno\.stmcufinder\plugins\mcufinder/ => C:\Users\gagno\.stmcufinder\plugins\mcufinder
2025-01-14 10:58:58,103 [WARN] DbFile:41 - Overriding database path with different value: C:\Users\gagno\.stmcufinder\plugins\mcufinder/ => C:\Users\gagno\.stmcufinder\plugins\mcufinder
2025-01-14 10:58:58,103 [INFO] CrossReferenceDbSqlite:203 - Set database path to: C:\Users\gagno\.stmcufinder\plugins\mcufinder//mcu/cs/
2025-01-14 10:58:58,170 [INFO] MainPanel:272 - HeapMemory: 268435456
2025-01-14 10:58:58,255 [INFO] DbMcusXml:78 - Set database path to: C:\ST\STM32CubeIDE_1.17.0\STM32CubeIDE\plugins\com.st.stm32cube.common.mx_6.13.0.202411220809\\db\/mcu/
2025-01-14 10:58:58,255 [INFO] ApiDb:274 - Set plugin database path to: C:\ST\STM32CubeIDE_1.17.0\STM32CubeIDE\plugins\com.st.stm32cube.common.mx_6.13.0.202411220809\\db\/plugins/boardmanager/
2025-01-14 10:58:58,255 [INFO] ApiDb:261 - Set plugin images path to: C:\ST\STM32CubeIDE_1.17.0\STM32CubeIDE\plugins\com.st.stm32cube.common.mx_6.13.0.202411220809\\db\/plugins/mcufinder/images/
2025-01-14 10:58:58,255 [WARN] DbFile:41 - Overriding database path with different value: C:\Users\gagno\.stmcufinder\plugins\mcufinder/ => C:\Users\gagno\.stmcufinder\plugins\mcufinder
2025-01-14 10:58:58,255 [INFO] ApiDb:250 - Set database path to: C:\Users\gagno\.stmcufinder\plugins\mcufinder//mcu/
2025-01-14 10:58:58,255 [WARN] DbFile:41 - Overriding database path with different value: C:\Users\gagno\.stmcufinder\plugins\mcufinder/ => C:\Users\gagno\.stmcufinder\plugins\mcufinder
2025-01-14 10:58:58,257 [INFO] DbMcusAds:125 - Set database path to: C:\Users\gagno\.stmcufinder\plugins\mcufinder//mcu/
2025-01-14 10:58:58,257 [WARN] DbFile:41 - Overriding database path with different value: C:\Users\gagno\.stmcufinder\plugins\mcufinder/ => C:\Users\gagno\.stmcufinder\plugins\mcufinder
2025-01-14 10:58:58,257 [WARN] DbFile:41 - Overriding database path with different value: C:\Users\gagno\.stmcufinder\plugins\mcufinder/ => C:\Users\gagno\.stmcufinder\plugins\mcufinder
2025-01-14 10:58:58,257 [INFO] CrossReferenceDbSqlite:203 - Set database path to: C:\Users\gagno\.stmcufinder\plugins\mcufinder//mcu/cs/
2025-01-14 10:58:58,273 [INFO] ApplicationProperties:184 - Using Application install path: C:\ST\STM32CubeIDE_1.17.0\STM32CubeIDE\plugins\com.st.stm32cube.common.mx_6.13.0.202411220809
2025-01-14 10:58:58,274 [INFO] PluginManage:196 - Search for loadable plugins [exclusion list=, ]
2025-01-14 10:58:58,275 [INFO] PluginManage:310 - Check plugin analytics
2025-01-14 10:58:58,511 [INFO] AnalyticsPlugin:253 - Accepted Software Licenses: 
2025-01-14 10:58:58,512 [INFO] AnalyticsPlugin:255 - Accepted CMSIS Pack Licenses: 
2025-01-14 10:58:58,512 [INFO] AnalyticsPlugin:257 - Accepted Firmware Licenses: 
2025-01-14 10:58:58,518 [INFO] PluginManage:359 - Loaded plugin analytics (category:tool,tabindex:-1)
2025-01-14 10:58:58,519 [INFO] PluginManage:310 - Check plugin cadmodel
2025-01-14 10:58:58,526 [INFO] CADModel:105 - Init CAD model plugin
2025-01-14 10:58:58,526 [INFO] PluginManage:359 - Loaded plugin cadmodel (category:power,tabindex:5)
2025-01-14 10:58:58,527 [INFO] PluginManage:310 - Check plugin clock
2025-01-14 10:58:58,544 [INFO] PluginManage:359 - Loaded plugin clock (category:base,tabindex:2)
2025-01-14 10:58:58,545 [INFO] PluginManage:310 - Check plugin ddr
2025-01-14 10:58:58,551 [INFO] PluginManage:359 - Loaded plugin ddr (category:tool,tabindex:6)
2025-01-14 10:58:58,552 [INFO] PluginManage:310 - Check plugin filemanager
2025-01-14 10:58:58,814 [INFO] PluginManage:359 - Loaded plugin filemanager (category:base,tabindex:10)
2025-01-14 10:58:58,815 [INFO] PluginManage:310 - Check plugin ipmanager
2025-01-14 10:58:58,823 [INFO] PluginManage:359 - Loaded plugin ipmanager (category:base,tabindex:5)
2025-01-14 10:58:58,823 [INFO] PluginManage:310 - Check plugin lpbam
2025-01-14 10:58:58,831 [INFO] PluginManage:359 - Loaded plugin lpbam (category:base,tabindex:0)
2025-01-14 10:58:58,831 [INFO] PluginManage:310 - Check plugin memorymap
2025-01-14 10:58:58,844 [INFO] PluginManage:359 - Loaded plugin memorymap (category:base,tabindex:4)
2025-01-14 10:58:58,845 [INFO] PluginManage:310 - Check plugin pinoutandconfiguration
2025-01-14 10:58:58,854 [INFO] PluginManage:359 - Loaded plugin pinoutandconfiguration (category:base,tabindex:1)
2025-01-14 10:58:58,855 [INFO] PluginManage:310 - Check plugin pinoutconfig
2025-01-14 10:58:58,974 [WARN] SupportedApi:132 - Cannot load RTOS API schema: s4s-elt-must-match.1: The content of 'definitions' must match (annotation?, (simpleType | complexType)?, (unique | key | keyref)*)). A problem was found starting at: attribute.
2025-01-14 10:58:59,098 [INFO] PluginManage:359 - Loaded plugin pinoutconfig (category:base,tabindex:0)
2025-01-14 10:58:59,098 [INFO] PluginManage:310 - Check plugin power
2025-01-14 10:58:59,103 [INFO] PluginManage:359 - Loaded plugin power (category:power,tabindex:4)
2025-01-14 10:58:59,103 [INFO] PluginManage:310 - Check plugin projectmanager
2025-01-14 10:58:59,121 [INFO] PluginManage:359 - Loaded plugin projectmanager (category:projectmanager,tabindex:4)
2025-01-14 10:58:59,121 [INFO] PluginManage:310 - Check plugin rif
2025-01-14 10:58:59,127 [INFO] PluginManage:359 - Loaded plugin rif (category:base,tabindex:3)
2025-01-14 10:58:59,127 [INFO] PluginManage:310 - Check plugin thirdparty
2025-01-14 10:58:59,298 [INFO] PluginManage:359 - Loaded plugin thirdparty (category:base,tabindex:-1)
2025-01-14 10:58:59,298 [INFO] PluginManage:310 - Check plugin tools
2025-01-14 10:58:59,298 [WARN] IntegrityCheckThread:84 - waiting for thirdparty lock release [integrity check]
2025-01-14 10:58:59,299 [INFO] IntegrityCheckThread:86 - entering critical section [integrity check]
2025-01-14 10:58:59,299 [INFO] ThirdPartyUpdaterWithRetryManager:70 - Updater plugin not ready yet. [1/15]
2025-01-14 10:58:59,302 [INFO] PluginManage:359 - Loaded plugin tools (category:base,tabindex:7)
2025-01-14 10:58:59,302 [INFO] PluginManage:310 - Check plugin tutovideos
2025-01-14 10:58:59,486 [INFO] PluginManage:359 - Loaded plugin tutovideos (category:base,tabindex:-1)
2025-01-14 10:58:59,486 [INFO] PluginManage:310 - Check plugin updater
2025-01-14 10:58:59,518 [INFO] PluginManage:359 - Loaded plugin updater (category:base,tabindex:12)
2025-01-14 10:58:59,518 [INFO] PluginManage:310 - Check plugin userauth
2025-01-14 10:58:59,523 [INFO] UserAuth:118 - Init User Auth plugin
2025-01-14 10:58:59,524 [INFO] PluginManage:359 - Loaded plugin userauth (category:base,tabindex:14)
2025-01-14 10:58:59,525 [INFO] PluginManage:283 - PluginManage : Loaded plugins [18]
2025-01-14 10:58:59,768 [INFO] PinOutPanel:1589 - setPackage(No Configuration,No Configuration)
2025-01-14 10:58:59,870 [INFO] CADModel:165 - CPN selected for project level
2025-01-14 10:58:59,870 [INFO] CADModel:114 - Register for checkConnection events
2025-01-14 10:58:59,891 [INFO] IPUIPlugin:80 - create IPUIPlugin
2025-01-14 10:58:59,891 [INFO] PluginManager:220 - loadIPPluginJar : add adc
2025-01-14 10:58:59,894 [INFO] IPUIPlugin:80 - create IPUIPlugin
2025-01-14 10:58:59,894 [INFO] PluginManager:220 - loadIPPluginJar : add aes
2025-01-14 10:58:59,897 [INFO] IPUIPlugin:80 - create IPUIPlugin
2025-01-14 10:58:59,898 [INFO] PluginManager:220 - loadIPPluginJar : add can
2025-01-14 10:58:59,900 [INFO] IPUIPlugin:80 - create IPUIPlugin
2025-01-14 10:58:59,901 [INFO] PluginManager:220 - loadIPPluginJar : add comp
2025-01-14 10:58:59,904 [INFO] IPUIPlugin:80 - create IPUIPlugin
2025-01-14 10:58:59,904 [INFO] PluginManager:220 - loadIPPluginJar : add cryp
2025-01-14 10:58:59,907 [INFO] IPUIPlugin:80 - create IPUIPlugin
2025-01-14 10:58:59,907 [INFO] PluginManager:220 - loadIPPluginJar : add ddr_ctrl_phy
2025-01-14 10:58:59,909 [INFO] IPUIPlugin:80 - create IPUIPlugin
2025-01-14 10:58:59,909 [INFO] PluginManager:220 - loadIPPluginJar : add dfsdm
2025-01-14 10:58:59,914 [INFO] IPUIPlugin:80 - create IPUIPlugin
2025-01-14 10:58:59,915 [INFO] PluginManager:220 - loadIPPluginJar : add dma
2025-01-14 10:58:59,917 [INFO] IPUIPlugin:80 - create IPUIPlugin
2025-01-14 10:58:59,917 [INFO] PluginManager:220 - loadIPPluginJar : add dma3
2025-01-14 10:58:59,920 [INFO] IPUIPlugin:80 - create IPUIPlugin
2025-01-14 10:58:59,920 [INFO] PluginManager:220 - loadIPPluginJar : add extmemmanager
2025-01-14 10:58:59,922 [INFO] IPUIPlugin:80 - create IPUIPlugin
2025-01-14 10:58:59,922 [INFO] PluginManager:220 - loadIPPluginJar : add fatfs
2025-01-14 10:58:59,930 [INFO] IPUIPlugin:80 - create IPUIPlugin
2025-01-14 10:58:59,930 [INFO] PluginManager:220 - loadIPPluginJar : add fmc
2025-01-14 10:58:59,941 [INFO] IPUIPlugin:80 - create IPUIPlugin
2025-01-14 10:58:59,941 [INFO] PluginManager:220 - loadIPPluginJar : add freertos
2025-01-14 10:58:59,942 [INFO] IPUIPlugin:80 - create IPUIPlugin
2025-01-14 10:58:59,943 [INFO] PluginManager:220 - loadIPPluginJar : add genericplugin
2025-01-14 10:58:59,944 [INFO] IPUIPlugin:80 - create IPUIPlugin
2025-01-14 10:58:59,944 [INFO] PluginManager:220 - loadIPPluginJar : add gfxmmu
2025-01-14 10:58:59,948 [INFO] IPUIPlugin:80 - create IPUIPlugin
2025-01-14 10:58:59,949 [INFO] PluginManager:220 - loadIPPluginJar : add gic
2025-01-14 10:58:59,953 [INFO] IPUIPlugin:80 - create IPUIPlugin
2025-01-14 10:58:59,953 [INFO] PluginManager:220 - loadIPPluginJar : add gpio
2025-01-14 10:58:59,957 [INFO] IPUIPlugin:80 - create IPUIPlugin
2025-01-14 10:58:59,957 [INFO] PluginManager:220 - loadIPPluginJar : add gtzc
2025-01-14 10:58:59,959 [INFO] IPUIPlugin:80 - create IPUIPlugin
2025-01-14 10:58:59,959 [INFO] PluginManager:220 - loadIPPluginJar : add hash
2025-01-14 10:58:59,961 [INFO] IPUIPlugin:80 - create IPUIPlugin
2025-01-14 10:58:59,961 [INFO] PluginManager:220 - loadIPPluginJar : add i2c
2025-01-14 10:58:59,964 [INFO] IPUIPlugin:80 - create IPUIPlugin
2025-01-14 10:58:59,964 [INFO] PluginManager:220 - loadIPPluginJar : add i2s
2025-01-14 10:58:59,966 [INFO] IPUIPlugin:80 - create IPUIPlugin
2025-01-14 10:58:59,966 [INFO] PluginManager:220 - loadIPPluginJar : add i3c
2025-01-14 10:58:59,970 [INFO] IPUIPlugin:80 - create IPUIPlugin
2025-01-14 10:58:59,970 [INFO] PluginManager:220 - loadIPPluginJar : add ipddr
2025-01-14 10:58:59,977 [INFO] IPUIPlugin:80 - create IPUIPlugin
2025-01-14 10:58:59,978 [INFO] PluginManager:220 - loadIPPluginJar : add linkedlist
2025-01-14 10:58:59,982 [INFO] IPUIPlugin:80 - create IPUIPlugin
2025-01-14 10:58:59,983 [INFO] PluginManager:220 - loadIPPluginJar : add lorawan
2025-01-14 10:58:59,984 [INFO] IPUIPlugin:80 - create IPUIPlugin
2025-01-14 10:58:59,984 [INFO] PluginManager:220 - loadIPPluginJar : add ltdc
2025-01-14 10:58:59,992 [INFO] IPUIPlugin:80 - create IPUIPlugin
2025-01-14 10:58:59,992 [INFO] PluginManager:220 - loadIPPluginJar : add mdma
2025-01-14 10:58:59,994 [INFO] IPUIPlugin:80 - create IPUIPlugin
2025-01-14 10:58:59,994 [INFO] PluginManager:220 - loadIPPluginJar : add nvic
2025-01-14 10:58:59,998 [INFO] IPUIPlugin:80 - create IPUIPlugin
2025-01-14 10:58:59,998 [INFO] PluginManager:220 - loadIPPluginJar : add opamp
2025-01-14 10:59:00,001 [INFO] IPUIPlugin:80 - create IPUIPlugin
2025-01-14 10:59:00,001 [INFO] PluginManager:220 - loadIPPluginJar : add openamp
2025-01-14 10:59:00,003 [INFO] IPUIPlugin:80 - create IPUIPlugin
2025-01-14 10:59:00,003 [INFO] PluginManager:220 - loadIPPluginJar : add pdm2pcm
2025-01-14 10:59:00,010 [INFO] IPUIPlugin:80 - create IPUIPlugin
2025-01-14 10:59:00,012 [INFO] PluginManager:220 - loadIPPluginJar : add plateformsettings
2025-01-14 10:59:00,013 [INFO] IPUIPlugin:80 - create IPUIPlugin
2025-01-14 10:59:00,013 [INFO] PluginManager:220 - loadIPPluginJar : add quadspi
2025-01-14 10:59:00,015 [INFO] IPUIPlugin:80 - create IPUIPlugin
2025-01-14 10:59:00,015 [INFO] PluginManager:220 - loadIPPluginJar : add radio
2025-01-14 10:59:00,019 [INFO] IPUIPlugin:80 - create IPUIPlugin
2025-01-14 10:59:00,019 [INFO] PluginManager:220 - loadIPPluginJar : add resmgrutility
2025-01-14 10:59:00,022 [INFO] IPUIPlugin:80 - create IPUIPlugin
2025-01-14 10:59:00,022 [INFO] PluginManager:220 - loadIPPluginJar : add sai
2025-01-14 10:59:00,023 [INFO] IPUIPlugin:80 - create IPUIPlugin
2025-01-14 10:59:00,023 [INFO] PluginManager:220 - loadIPPluginJar : add spi
2025-01-14 10:59:00,028 [INFO] IPUIPlugin:80 - create IPUIPlugin
2025-01-14 10:59:00,028 [INFO] PluginManager:220 - loadIPPluginJar : add stm32_wpan
2025-01-14 10:59:00,030 [INFO] IPUIPlugin:80 - create IPUIPlugin
2025-01-14 10:59:00,030 [INFO] PluginManager:220 - loadIPPluginJar : add tim
2025-01-14 10:59:00,032 [INFO] IPUIPlugin:80 - create IPUIPlugin
2025-01-14 10:59:00,033 [INFO] PluginManager:220 - loadIPPluginJar : add touchsensing
2025-01-14 10:59:00,035 [INFO] IPUIPlugin:80 - create IPUIPlugin
2025-01-14 10:59:00,035 [INFO] PluginManager:220 - loadIPPluginJar : add tracer_emb
2025-01-14 10:59:00,038 [INFO] IPUIPlugin:80 - create IPUIPlugin
2025-01-14 10:59:00,038 [INFO] PluginManager:220 - loadIPPluginJar : add ts
2025-01-14 10:59:00,040 [INFO] IPUIPlugin:80 - create IPUIPlugin
2025-01-14 10:59:00,041 [INFO] PluginManager:220 - loadIPPluginJar : add tsc
2025-01-14 10:59:00,042 [INFO] IPUIPlugin:80 - create IPUIPlugin
2025-01-14 10:59:00,042 [INFO] PluginManager:220 - loadIPPluginJar : add ucpd
2025-01-14 10:59:00,045 [INFO] IPUIPlugin:80 - create IPUIPlugin
2025-01-14 10:59:00,045 [INFO] PluginManager:220 - loadIPPluginJar : add usart
2025-01-14 10:59:00,049 [INFO] IPUIPlugin:80 - create IPUIPlugin
2025-01-14 10:59:00,049 [INFO] PluginManager:220 - loadIPPluginJar : add usbx
2025-01-14 10:59:00,192 [FATAL] Updater:351 - Updater called before beeing initialized
2025-01-14 10:59:00,221 [INFO] RulesReader:64 - Compatibility file has been processed (297 Rules)
2025-01-14 10:59:00,237 [INFO] RulesReader:64 - Compatibility file has been processed (297 Rules)
2025-01-14 10:59:00,252 [INFO] CADModel:165 - CPN selected for project level
2025-01-14 10:59:00,252 [INFO] CADModel:114 - Register for checkConnection events
2025-01-14 10:59:00,252 [FATAL] Updater:351 - Updater called before beeing initialized
2025-01-14 10:59:00,252 [ERROR] CADModel:125 - Updater not yet initialized, retry later 
2025-01-14 10:59:00,467 [FATAL] Updater:351 - Updater called before beeing initialized
2025-01-14 10:59:00,469 [INFO] CADModel:165 - CPN selected for project level
2025-01-14 10:59:00,469 [INFO] CADModel:114 - Register for checkConnection events
2025-01-14 10:59:00,469 [FATAL] Updater:351 - Updater called before beeing initialized
2025-01-14 10:59:00,469 [ERROR] CADModel:125 - Updater not yet initialized, retry later 
2025-01-14 10:59:00,472 [FATAL] Updater:351 - Updater called before beeing initialized
2025-01-14 10:59:00,635 [FATAL] Updater:351 - Updater called before beeing initialized
2025-01-14 10:59:00,654 [INFO] DbMcusAds:53 - JSON generation date=Fri Sep 20 09:04:23 EDT 2024 (1726837463113)
2025-01-14 10:59:00,654 [FATAL] Updater:351 - Updater called before beeing initialized
2025-01-14 10:59:00,715 [WARN] DetailPanel:346 - Failed to get advertising image, set to default
2025-01-14 10:59:00,984 [FATAL] Updater:351 - Updater called before beeing initialized
2025-01-14 10:59:00,986 [FATAL] Updater:351 - Updater called before beeing initialized
2025-01-14 10:59:00,986 [FATAL] Updater:351 - Updater called before beeing initialized
2025-01-14 10:59:00,986 [WARN] DetailPanel:346 - Failed to get advertising image, set to default
2025-01-14 10:59:00,988 [FATAL] Updater:351 - Updater called before beeing initialized
2025-01-14 10:59:01,043 [ERROR] Updater:1198 - MainUpdater not yet initialized. External WinMGr cannot be set.
2025-01-14 10:59:01,045 [INFO] Updater:1134 - Updater Version found : 6.13.0
2025-01-14 10:59:01,060 [INFO] ApplicationProperties:184 - Using Application install path: C:\ST\STM32CubeIDE_1.17.0\STM32CubeIDE\plugins\com.st.stm32cube.common.mx_6.13.0.202411220809
2025-01-14 10:59:02,313 [INFO] ThirdPartyUpdaterWithRetryManager:70 - Updater plugin not ready yet. [2/15]
2025-01-14 10:59:02,665 [ERROR] LogOutputStream:75 - [STDERR_REDIRECT] Jan 14, 2025 10:59:02 AM java.util.prefs.WindowsPreferences <init>
2025-01-14 10:59:02,668 [ERROR] LogOutputStream:75 - [STDERR_REDIRECT] WARNING: Could not open/create prefs root node Software\JavaSoft\Prefs at root 0xffffffff80000002. Windows RegCreateKeyEx(...) returned error code 5.
2025-01-14 10:59:02,668 [ERROR] LogOutputStream:75 - [STDERR_REDIRECT] 
2025-01-14 10:59:03,175 [INFO] MainUpdater:2872 - connection check result : 10
2025-01-14 10:59:03,177 [INFO] MainUpdater:289 - Updater Check For Update Now.
2025-01-14 10:59:03,177 [INFO] MicroXplorer:498 - Change Database Version : DB.6.0.130
2025-01-14 10:59:03,191 [INFO] McuFinderGlobals:63 - Set McuFinder mode to 2 (CubeIDE integrated)
2025-01-14 10:59:03,192 [INFO] UserAuth:486 - Internet connection configuration mode: 1
2025-01-14 10:59:03,242 [INFO] JxBrowserEngine:152 - Initiate JxBrowser Engine with user profile folder
2025-01-14 10:59:03,374 [INFO] CheckServerUpdateThread:120 - End of CheckServer Thread
2025-01-14 10:59:04,015 [INFO] WebApp:168 - Instantiating new browser for Auth
2025-01-14 10:59:04,761 [INFO] WebApp:449 - Apply proxy settings
2025-01-14 10:59:04,761 [INFO] WebApp:534 - Chromium requires no authentication
2025-01-14 10:59:04,768 [INFO] WebApp:477 - Direct internet connection detected
2025-01-14 10:59:04,795 [INFO] WebApp:880 - Register for checkConnection events
2025-01-14 10:59:04,795 [INFO] WebApp:449 - Apply proxy settings
2025-01-14 10:59:04,795 [INFO] WebApp:534 - Chromium requires no authentication
2025-01-14 10:59:04,797 [INFO] WebApp:477 - Direct internet connection detected
2025-01-14 10:59:04,974 [INFO] WebApp:221 - Starting web application
2025-01-14 10:59:04,974 [INFO] WebApp:579 - Web application path used C:\ST\STM32CubeIDE_1.17.0\STM32CubeIDE\plugins\com.st.stm32cube.common.mx_6.13.0.202411220809\db\plugins\mcufinder\reactClient1\index.html
2025-01-14 10:59:05,049 [INFO] UserAuth:486 - Internet connection configuration mode: 1
2025-01-14 10:59:05,193 [INFO] WebApp:187 - Connection restablished
2025-01-14 10:59:05,518 [WARN] PackLoader:240 - Cannot read IP mode file for STMicroelectronics.FP-SNS-MOTENVWB1.1.4.0
2025-01-14 10:59:05,530 [WARN] PackLoader:240 - Cannot read IP mode file for STMicroelectronics.FP-ATR-ASTRA1.2.0.1
2025-01-14 10:59:05,540 [WARN] PackLoader:240 - Cannot read IP mode file for STMicroelectronics.X-CUBE-SMBUS.2.1.0
2025-01-14 10:59:05,550 [WARN] PackLoader:240 - Cannot read IP mode file for STMicroelectronics.X-CUBE-WB05N.1.1.0
2025-01-14 10:59:05,585 [WARN] PackLoader:240 - Cannot read IP mode file for STMicroelectronics.X-CUBE-AZRTOS-F7.1.1.0
2025-01-14 10:59:05,649 [WARN] PackLoader:240 - Cannot read IP mode file for STMicroelectronics.X-CUBE-MEMS1.11.0.0
2025-01-14 10:59:05,789 [WARN] PackLoader:240 - Cannot read IP mode file for STMicroelectronics.FP-SNS-FLIGHT1.5.0.2
2025-01-14 10:59:05,799 [WARN] PackLoader:240 - Cannot read IP mode file for STMicroelectronics.X-CUBE-DISPLAY.3.0.0
2025-01-14 10:59:05,809 [WARN] PackLoader:240 - Cannot read IP mode file for STMicroelectronics.X-CUBE-BLE1.7.0.0
2025-01-14 10:59:05,814 [WARN] PackLoader:240 - Cannot read IP mode file for STMicroelectronics.X-CUBE-NFC10.1.0.0
2025-01-14 10:59:05,824 [WARN] PackLoader:240 - Cannot read IP mode file for STMicroelectronics.X-CUBE-BLEMGR.4.0.0
2025-01-14 10:59:05,834 [WARN] PackLoader:240 - Cannot read IP mode file for STMicroelectronics.X-CUBE-BLEMGR.3.1.0
2025-01-14 10:59:05,840 [WARN] PackLoader:240 - Cannot read IP mode file for STMicroelectronics.FP-SNS-SMARTAG2.1.2.0
2025-01-14 10:59:05,875 [WARN] PackLoader:240 - Cannot read IP mode file for STMicroelectronics.X-CUBE-MEMS1.11.1.0
2025-01-14 10:59:06,029 [INFO] LogOutputStream:77 - [STDOUT_REDIRECT] 1 : Invalid condition id : UX_CORESTACK_Condition cause : null
2025-01-14 10:59:06,031 [INFO] LogOutputStream:77 - [STDOUT_REDIRECT] 1 : Invalid condition id : UX_CORESTACK_Condition cause : null
2025-01-14 10:59:06,033 [INFO] LogOutputStream:77 - [STDOUT_REDIRECT] 1 : Invalid condition id : UX_CORESTACK_Condition cause : null
2025-01-14 10:59:06,034 [INFO] LogOutputStream:77 - [STDOUT_REDIRECT] 1 : Invalid condition id : UX_CORESTACK_Condition cause : null
2025-01-14 10:59:06,035 [INFO] LogOutputStream:77 - [STDOUT_REDIRECT] 1 : Invalid condition id : UX_CORESTACK_Condition cause : null
2025-01-14 10:59:06,038 [WARN] PackLoader:240 - Cannot read IP mode file for STMicroelectronics.X-CUBE-AZRTOS-WL.2.0.0
2025-01-14 10:59:06,043 [WARN] PackLoader:240 - Cannot read IP mode file for STMicroelectronics.FP-SNS-MOTENV1.5.0.0
2025-01-14 10:59:06,048 [WARN] PackLoader:240 - Cannot read IP mode file for wolfSSL.I-CUBE-wolfMQTT.1.19.0
2025-01-14 10:59:06,060 [WARN] PackLoader:240 - Cannot read IP mode file for WES.I-CUBE-Cesium.1.3.0
2025-01-14 10:59:06,065 [WARN] PackLoader:240 - Cannot read IP mode file for STMicroelectronics.X-CUBE-BLE2.3.3.0
2025-01-14 10:59:06,071 [WARN] PackLoader:240 - Cannot read IP mode file for STMicroelectronics.X-CUBE-NFC9.1.0.0
2025-01-14 10:59:06,076 [WARN] PackLoader:240 - Cannot read IP mode file for STMicroelectronics.X-CUBE-TCPP.4.1.0
2025-01-14 10:59:06,089 [WARN] PackLoader:240 - Cannot read IP mode file for STMicroelectronics.X-CUBE-AZRTOS-G0.1.1.0
2025-01-14 10:59:06,096 [WARN] PackLoader:240 - Cannot read IP mode file for STMicroelectronics.X-CUBE-SAFEA1.1.2.2
2025-01-14 10:59:06,100 [WARN] PackLoader:240 - Cannot read IP mode file for STMicroelectronics.X-CUBE-NFC4.3.0.0
2025-01-14 10:59:06,109 [WARN] PackLoader:240 - Cannot read IP mode file for EmbeddedOffice.I-CUBE-FS-RTOS.1.0.1
2025-01-14 10:59:06,113 [WARN] PackLoader:240 - Cannot read IP mode file for STMicroelectronics.X-CUBE-TCPP.4.2.0
2025-01-14 10:59:06,118 [WARN] PackLoader:240 - Cannot read IP mode file for STMicroelectronics.FP-ATR-SIGFOX1.3.2.0
2025-01-14 10:59:06,121 [WARN] ConditionMgr:438 - getConditionDescription Invalid condition id : Cortex-A Device cause : null
2025-01-14 10:59:06,148 [WARN] ConditionMgr:1044 - genDependencies : Invalid condition id : Cortex-A Device cause : null
2025-01-14 10:59:06,149 [WARN] ConditionMgr:1044 - genDependencies : Invalid condition id : Cortex-A Device cause : null
2025-01-14 10:59:06,149 [WARN] ConditionMgr:1044 - genDependencies : Invalid condition id : Cortex-A Device cause : null
2025-01-14 10:59:06,153 [WARN] PackLoader:240 - Cannot read IP mode file for STMicroelectronics.X-CUBE-EEPRMA1.5.1.0
2025-01-14 10:59:06,159 [WARN] PackLoader:240 - Cannot read IP mode file for ITTIA_DB.I-CUBE-ITTIADB.8.9.0
2025-01-14 10:59:06,183 [WARN] PackLoader:240 - Cannot read IP mode file for SEGGER.I-CUBE-embOS.1.3.1
2025-01-14 10:59:06,208 [WARN] PackLoader:240 - Cannot read IP mode file for STMicroelectronics.X-CUBE-ALGOBUILD.1.4.0
2025-01-14 10:59:06,212 [WARN] PackLoader:240 - Cannot read IP mode file for STMicroelectronics.X-CUBE-AI.9.1.0
2025-01-14 10:59:06,216 [WARN] PackLoader:240 - Cannot read IP mode file for STMicroelectronics.X-CUBE-GNSS1.6.0.0
2025-01-14 10:59:06,228 [WARN] PackLoader:240 - Cannot read IP mode file for STMicroelectronics.X-CUBE-AZRTOS-F4.1.1.0
2025-01-14 10:59:06,234 [WARN] PackLoader:240 - Cannot read IP mode file for STMicroelectronics.X-CUBE-ISPU.2.1.0
2025-01-14 10:59:06,239 [WARN] PackLoader:240 - Cannot read IP mode file for STMicroelectronics.X-CUBE-FREERTOS.1.2.0
2025-01-14 10:59:06,251 [WARN] PackLoader:240 - Cannot read IP mode file for STMicroelectronics.X-CUBE-AZRTOS-L5.2.0.0
2025-01-14 10:59:06,258 [WARN] PackLoader:240 - Cannot read IP mode file for STMicroelectronics.X-CUBE-NFC6.3.1.0
2025-01-14 10:59:06,262 [WARN] PackLoader:240 - Cannot read IP mode file for STMicroelectronics.X-CUBE-AI.9.0.0
2025-01-14 10:59:06,265 [WARN] PackLoader:240 - Cannot read IP mode file for STMicroelectronics.X-CUBE-FREERTOS.1.3.0
2025-01-14 10:59:06,270 [WARN] PackLoader:240 - Cannot read IP mode file for STMicroelectronics.X-CUBE-NFC7.1.0.1
2025-01-14 10:59:06,283 [WARN] ConditionMgr:438 - getConditionDescription Invalid condition id : LAN8742 Phy interface Condition cause : null
2025-01-14 10:59:06,284 [WARN] PackLoader:240 - Cannot read IP mode file for STMicroelectronics.X-CUBE-AZRTOS-L4.2.0.0
2025-01-14 10:59:06,285 [WARN] ConditionMgr:1044 - genDependencies : Invalid condition id : LAN8742 Phy interface Condition cause : null
2025-01-14 10:59:06,285 [WARN] ConditionMgr:1044 - genDependencies : Invalid condition id : LAN8742 Phy interface Condition cause : null
2025-01-14 10:59:06,285 [WARN] ConditionMgr:1044 - genDependencies : Invalid condition id : LAN8742 Phy interface Condition cause : null
2025-01-14 10:59:06,294 [WARN] PackLoader:240 - Cannot read IP mode file for STMicroelectronics.X-CUBE-SFXS2LP1.4.0.0
2025-01-14 10:59:06,303 [WARN] PackLoader:240 - Cannot read IP mode file for STMicroelectronics.X-CUBE-IPS.3.0.0
2025-01-14 10:59:06,314 [WARN] ConditionMgr:438 - getConditionDescription Invalid condition id : UX DEVICE CLASS RTOS Condition cause : null
2025-01-14 10:59:06,315 [WARN] ConditionMgr:438 - getConditionDescription Invalid condition id : UX DEVICE CLASS RTOS Condition cause : null
2025-01-14 10:59:06,317 [WARN] PackLoader:240 - Cannot read IP mode file for STMicroelectronics.X-CUBE-AZRTOS-WB.2.0.0
2025-01-14 10:59:06,317 [WARN] ConditionMgr:1044 - genDependencies : Invalid condition id : UX DEVICE CLASS RTOS Condition cause : null
2025-01-14 10:59:06,317 [WARN] ConditionMgr:1044 - genDependencies : Invalid condition id : UX DEVICE CLASS RTOS Condition cause : null
2025-01-14 10:59:06,317 [WARN] ConditionMgr:1044 - genDependencies : Invalid condition id : UX DEVICE CLASS RTOS Condition cause : null
2025-01-14 10:59:06,318 [WARN] ConditionMgr:1044 - genDependencies : Invalid condition id : UX DEVICE CLASS RTOS Condition cause : null
2025-01-14 10:59:06,318 [WARN] ConditionMgr:1044 - genDependencies : Invalid condition id : UX DEVICE CLASS RTOS Condition cause : null
2025-01-14 10:59:06,322 [WARN] PackLoader:240 - Cannot read IP mode file for STMicroelectronics.X-CUBE-GNSS1.7.0.0
2025-01-14 10:59:06,325 [WARN] PackLoader:240 - Cannot read IP mode file for STMicroelectronics.X-CUBE-GNSS1.7.0.1
2025-01-14 10:59:06,334 [WARN] PackLoader:240 - Cannot read IP mode file for STMicroelectronics.X-CUBE-SUBG2.5.0.0
2025-01-14 10:59:06,342 [WARN] PackLoader:240 - Cannot read IP mode file for Cesanta.I-CUBE-Mongoose.7.13.0
2025-01-14 10:59:06,352 [WARN] PackLoader:240 - Cannot read IP mode file for STMicroelectronics.X-CUBE-AZRTOS-G4.2.0.0
2025-01-14 10:59:06,357 [WARN] PackLoader:240 - Cannot read IP mode file for STMicroelectronics.X-CUBE-ISPU.2.0.0
2025-01-14 10:59:06,369 [WARN] PackLoader:240 - Cannot read IP mode file for STMicroelectronics.X-CUBE-IPS.3.1.0
2025-01-14 10:59:06,375 [WARN] PackLoader:240 - Cannot read IP mode file for STMicroelectronics.X-CUBE-ALS.1.0.2
2025-01-14 10:59:06,384 [WARN] PackLoader:240 - Cannot read IP mode file for STMicroelectronics.X-CUBE-TOUCHGFX.4.24.0
2025-01-14 10:59:06,387 [WARN] PackLoader:240 - Cannot read IP mode file for STMicroelectronics.X-CUBE-TOUCHGFX.4.24.2
2025-01-14 10:59:06,389 [WARN] PackLoader:240 - Cannot read IP mode file for STMicroelectronics.X-CUBE-TOUCHGFX.4.24.1
2025-01-14 10:59:06,393 [WARN] PackLoader:240 - Cannot read IP mode file for portGmbH.I-Cube-SoM-uGOAL.1.1.0
2025-01-14 10:59:06,404 [WARN] PackLoader:240 - Cannot read IP mode file for STMicroelectronics.X-CUBE-AZRTOS-H7RS.1.0.0
2025-01-14 10:59:06,409 [WARN] PackLoader:240 - Cannot read IP mode file for STMicroelectronics.FP-ATR-ASTRA1.2.0.0
2025-01-14 10:59:06,421 [WARN] PackLoader:240 - Cannot read IP mode file for Infineon.AIROC-Wi-Fi-Bluetooth-STM32.1.6.1
2025-01-14 10:59:06,423 [INFO] ThirdParty:978 - Integrity check success = true
2025-01-14 10:59:06,423 [INFO] IntegrityCheckThread:100 - exiting critical section [integrity check]
2025-01-14 10:59:06,423 [INFO] IntegrityCheckThread:103 - End integrity checks thread
2025-01-14 10:59:22,290 [INFO] McuFinderGlobals:63 - Set McuFinder mode to 2 (CubeIDE integrated)
2025-01-14 10:59:22,291 [INFO] UserAuth:486 - Internet connection configuration mode: 1
2025-01-14 10:59:23,447 [INFO] UserAuth:171 - activating auth plugin
2025-01-14 10:59:23,450 [INFO] UserAuth:486 - Internet connection configuration mode: 1
2025-01-14 10:59:31,173 [INFO] McuFinderGlobals:63 - Set McuFinder mode to 2 (CubeIDE integrated)
2025-01-14 10:59:31,173 [INFO] UserAuth:171 - activating auth plugin
2025-01-14 10:59:31,175 [INFO] UserAuth:486 - Internet connection configuration mode: 1
2025-01-14 11:00:56,615 [INFO] WebApp:636 - userauth.ini created with success
2025-01-14 11:01:31,265 [INFO] MainUpdater:2872 - connection check result : 10
2025-01-14 11:01:31,490 [INFO] CheckServerUpdateThread:120 - End of CheckServer Thread
2025-01-14 11:01:51,824 [ERROR] LogOutputStream:75 - [STDERR_REDIRECT] SLF4J: Failed to load class "org.slf4j.impl.StaticLoggerBinder".
2025-01-14 11:01:51,825 [ERROR] LogOutputStream:75 - [STDERR_REDIRECT] SLF4J: Defaulting to no-operation (NOP) logger implementation
2025-01-14 11:01:51,828 [ERROR] LogOutputStream:75 - [STDERR_REDIRECT] SLF4J: See http://www.slf4j.org/codes.html#StaticLoggerBinder for further details.
2025-01-14 11:04:13,202 [INFO] Activator:176 - 


2025-01-14 11:04:13,204 [INFO] Activator:177 - !SESSION log4j initialized
2025-01-14 11:04:16,445 [INFO] LogOutputStream:77 - [STDOUT_REDIRECT] 
2025-01-14 11:04:18,878 [INFO] ApplicationProperties:184 - Using Application install path: C:\ST\STM32CubeIDE_1.17.0\STM32CubeIDE\plugins\com.st.stm32cube.common.mx_6.13.0.202411220809
2025-01-14 11:04:18,891 [INFO] DbMcusXml:78 - Set database path to: C:\ST\STM32CubeIDE_1.17.0\STM32CubeIDE\plugins\com.st.stm32cube.common.mx_6.13.0.202411220809\\db\/mcu/
2025-01-14 11:04:18,891 [INFO] ApiDb:274 - Set plugin database path to: C:\ST\STM32CubeIDE_1.17.0\STM32CubeIDE\plugins\com.st.stm32cube.common.mx_6.13.0.202411220809\\db\/plugins/boardmanager/
2025-01-14 11:04:18,892 [WARN] ApiDb:259 - Overriding images path with different value:  => C:\ST\STM32CubeIDE_1.17.0\STM32CubeIDE\plugins\com.st.stm32cube.common.mx_6.13.0.202411220809\\db\/plugins/mcufinder/images/
2025-01-14 11:04:18,896 [INFO] ApiDb:250 - Set database path to: C:\Users\gagno\.stmcufinder\plugins\mcufinder//mcu/
2025-01-14 11:04:18,897 [INFO] DbMcusAds:125 - Set database path to: C:\Users\gagno\.stmcufinder\plugins\mcufinder//mcu/
2025-01-14 11:04:18,899 [INFO] CrossReferenceDbSqlite:203 - Set database path to: C:\Users\gagno\.stmcufinder\plugins\mcufinder//mcu/cs/
2025-01-14 11:04:19,001 [INFO] RulesReader:64 - Compatibility file has been processed (297 Rules)
2025-01-14 11:04:19,096 [INFO] DbMcusXml:78 - Set database path to: C:\ST\STM32CubeIDE_1.17.0\STM32CubeIDE\plugins\com.st.stm32cube.common.mx_6.13.0.202411220809\\db\/mcu/
2025-01-14 11:04:19,096 [INFO] ApiDb:274 - Set plugin database path to: C:\ST\STM32CubeIDE_1.17.0\STM32CubeIDE\plugins\com.st.stm32cube.common.mx_6.13.0.202411220809\\db\/plugins/boardmanager/
2025-01-14 11:04:19,096 [INFO] ApiDb:261 - Set plugin images path to: C:\ST\STM32CubeIDE_1.17.0\STM32CubeIDE\plugins\com.st.stm32cube.common.mx_6.13.0.202411220809\\db\/plugins/mcufinder/images/
2025-01-14 11:04:19,096 [WARN] DbFile:41 - Overriding database path with different value: C:\Users\gagno\.stmcufinder\plugins\mcufinder/ => C:\Users\gagno\.stmcufinder\plugins\mcufinder
2025-01-14 11:04:19,096 [INFO] ApiDb:250 - Set database path to: C:\Users\gagno\.stmcufinder\plugins\mcufinder//mcu/
2025-01-14 11:04:19,096 [WARN] DbFile:41 - Overriding database path with different value: C:\Users\gagno\.stmcufinder\plugins\mcufinder/ => C:\Users\gagno\.stmcufinder\plugins\mcufinder
2025-01-14 11:04:19,097 [INFO] DbMcusAds:125 - Set database path to: C:\Users\gagno\.stmcufinder\plugins\mcufinder//mcu/
2025-01-14 11:04:19,097 [WARN] DbFile:41 - Overriding database path with different value: C:\Users\gagno\.stmcufinder\plugins\mcufinder/ => C:\Users\gagno\.stmcufinder\plugins\mcufinder
2025-01-14 11:04:19,097 [WARN] DbFile:41 - Overriding database path with different value: C:\Users\gagno\.stmcufinder\plugins\mcufinder/ => C:\Users\gagno\.stmcufinder\plugins\mcufinder
2025-01-14 11:04:19,097 [INFO] CrossReferenceDbSqlite:203 - Set database path to: C:\Users\gagno\.stmcufinder\plugins\mcufinder//mcu/cs/
2025-01-14 11:04:19,157 [INFO] MainPanel:272 - HeapMemory: 268435456
2025-01-14 11:04:19,239 [INFO] DbMcusXml:78 - Set database path to: C:\ST\STM32CubeIDE_1.17.0\STM32CubeIDE\plugins\com.st.stm32cube.common.mx_6.13.0.202411220809\\db\/mcu/
2025-01-14 11:04:19,239 [INFO] ApiDb:274 - Set plugin database path to: C:\ST\STM32CubeIDE_1.17.0\STM32CubeIDE\plugins\com.st.stm32cube.common.mx_6.13.0.202411220809\\db\/plugins/boardmanager/
2025-01-14 11:04:19,239 [INFO] ApiDb:261 - Set plugin images path to: C:\ST\STM32CubeIDE_1.17.0\STM32CubeIDE\plugins\com.st.stm32cube.common.mx_6.13.0.202411220809\\db\/plugins/mcufinder/images/
2025-01-14 11:04:19,240 [WARN] DbFile:41 - Overriding database path with different value: C:\Users\gagno\.stmcufinder\plugins\mcufinder/ => C:\Users\gagno\.stmcufinder\plugins\mcufinder
2025-01-14 11:04:19,240 [INFO] ApiDb:250 - Set database path to: C:\Users\gagno\.stmcufinder\plugins\mcufinder//mcu/
2025-01-14 11:04:19,240 [WARN] DbFile:41 - Overriding database path with different value: C:\Users\gagno\.stmcufinder\plugins\mcufinder/ => C:\Users\gagno\.stmcufinder\plugins\mcufinder
2025-01-14 11:04:19,240 [INFO] DbMcusAds:125 - Set database path to: C:\Users\gagno\.stmcufinder\plugins\mcufinder//mcu/
2025-01-14 11:04:19,240 [WARN] DbFile:41 - Overriding database path with different value: C:\Users\gagno\.stmcufinder\plugins\mcufinder/ => C:\Users\gagno\.stmcufinder\plugins\mcufinder
2025-01-14 11:04:19,240 [WARN] DbFile:41 - Overriding database path with different value: C:\Users\gagno\.stmcufinder\plugins\mcufinder/ => C:\Users\gagno\.stmcufinder\plugins\mcufinder
2025-01-14 11:04:19,240 [INFO] CrossReferenceDbSqlite:203 - Set database path to: C:\Users\gagno\.stmcufinder\plugins\mcufinder//mcu/cs/
2025-01-14 11:04:19,258 [INFO] ApplicationProperties:184 - Using Application install path: C:\ST\STM32CubeIDE_1.17.0\STM32CubeIDE\plugins\com.st.stm32cube.common.mx_6.13.0.202411220809
2025-01-14 11:04:19,259 [INFO] PluginManage:196 - Search for loadable plugins [exclusion list=, ]
2025-01-14 11:04:19,261 [INFO] PluginManage:310 - Check plugin analytics
2025-01-14 11:04:19,501 [INFO] AnalyticsPlugin:253 - Accepted Software Licenses: 
2025-01-14 11:04:19,501 [INFO] AnalyticsPlugin:255 - Accepted CMSIS Pack Licenses: 
2025-01-14 11:04:19,501 [INFO] AnalyticsPlugin:257 - Accepted Firmware Licenses: 
2025-01-14 11:04:19,508 [INFO] PluginManage:359 - Loaded plugin analytics (category:tool,tabindex:-1)
2025-01-14 11:04:19,508 [INFO] PluginManage:310 - Check plugin cadmodel
2025-01-14 11:04:19,517 [INFO] CADModel:105 - Init CAD model plugin
2025-01-14 11:04:19,517 [INFO] PluginManage:359 - Loaded plugin cadmodel (category:power,tabindex:5)
2025-01-14 11:04:19,518 [INFO] PluginManage:310 - Check plugin clock
2025-01-14 11:04:19,537 [INFO] PluginManage:359 - Loaded plugin clock (category:base,tabindex:2)
2025-01-14 11:04:19,538 [INFO] PluginManage:310 - Check plugin ddr
2025-01-14 11:04:19,544 [INFO] PluginManage:359 - Loaded plugin ddr (category:tool,tabindex:6)
2025-01-14 11:04:19,545 [INFO] PluginManage:310 - Check plugin filemanager
2025-01-14 11:04:19,779 [INFO] PluginManage:359 - Loaded plugin filemanager (category:base,tabindex:10)
2025-01-14 11:04:19,779 [INFO] PluginManage:310 - Check plugin ipmanager
2025-01-14 11:04:19,788 [INFO] PluginManage:359 - Loaded plugin ipmanager (category:base,tabindex:5)
2025-01-14 11:04:19,789 [INFO] PluginManage:310 - Check plugin lpbam
2025-01-14 11:04:19,795 [INFO] PluginManage:359 - Loaded plugin lpbam (category:base,tabindex:0)
2025-01-14 11:04:19,795 [INFO] PluginManage:310 - Check plugin memorymap
2025-01-14 11:04:19,808 [INFO] PluginManage:359 - Loaded plugin memorymap (category:base,tabindex:4)
2025-01-14 11:04:19,808 [INFO] PluginManage:310 - Check plugin pinoutandconfiguration
2025-01-14 11:04:19,815 [INFO] PluginManage:359 - Loaded plugin pinoutandconfiguration (category:base,tabindex:1)
2025-01-14 11:04:19,817 [INFO] PluginManage:310 - Check plugin pinoutconfig
2025-01-14 11:04:19,904 [WARN] SupportedApi:132 - Cannot load RTOS API schema: s4s-elt-must-match.1: The content of 'definitions' must match (annotation?, (simpleType | complexType)?, (unique | key | keyref)*)). A problem was found starting at: attribute.
2025-01-14 11:04:20,020 [INFO] PluginManage:359 - Loaded plugin pinoutconfig (category:base,tabindex:0)
2025-01-14 11:04:20,020 [INFO] PluginManage:310 - Check plugin power
2025-01-14 11:04:20,025 [INFO] PluginManage:359 - Loaded plugin power (category:power,tabindex:4)
2025-01-14 11:04:20,025 [INFO] PluginManage:310 - Check plugin projectmanager
2025-01-14 11:04:20,040 [INFO] PluginManage:359 - Loaded plugin projectmanager (category:projectmanager,tabindex:4)
2025-01-14 11:04:20,040 [INFO] PluginManage:310 - Check plugin rif
2025-01-14 11:04:20,045 [INFO] PluginManage:359 - Loaded plugin rif (category:base,tabindex:3)
2025-01-14 11:04:20,047 [INFO] PluginManage:310 - Check plugin thirdparty
2025-01-14 11:04:20,177 [WARN] IntegrityCheckThread:84 - waiting for thirdparty lock release [integrity check]
2025-01-14 11:04:20,178 [INFO] IntegrityCheckThread:86 - entering critical section [integrity check]
2025-01-14 11:04:20,178 [INFO] ThirdPartyUpdaterWithRetryManager:70 - Updater plugin not ready yet. [1/15]
2025-01-14 11:04:20,179 [INFO] PluginManage:359 - Loaded plugin thirdparty (category:base,tabindex:-1)
2025-01-14 11:04:20,179 [INFO] PluginManage:310 - Check plugin tools
2025-01-14 11:04:20,185 [INFO] PluginManage:359 - Loaded plugin tools (category:base,tabindex:7)
2025-01-14 11:04:20,185 [INFO] PluginManage:310 - Check plugin tutovideos
2025-01-14 11:04:20,341 [INFO] PluginManage:359 - Loaded plugin tutovideos (category:base,tabindex:-1)
2025-01-14 11:04:20,342 [INFO] PluginManage:310 - Check plugin updater
2025-01-14 11:04:20,364 [INFO] PluginManage:359 - Loaded plugin updater (category:base,tabindex:12)
2025-01-14 11:04:20,364 [INFO] PluginManage:310 - Check plugin userauth
2025-01-14 11:04:20,373 [INFO] UserAuth:118 - Init User Auth plugin
2025-01-14 11:04:20,375 [INFO] PluginManage:359 - Loaded plugin userauth (category:base,tabindex:14)
2025-01-14 11:04:20,376 [INFO] PluginManage:283 - PluginManage : Loaded plugins [18]
2025-01-14 11:04:20,605 [INFO] PinOutPanel:1589 - setPackage(No Configuration,No Configuration)
2025-01-14 11:04:20,715 [INFO] CADModel:165 - CPN selected for project level
2025-01-14 11:04:20,716 [INFO] CADModel:114 - Register for checkConnection events
2025-01-14 11:04:20,733 [INFO] IPUIPlugin:80 - create IPUIPlugin
2025-01-14 11:04:20,733 [INFO] PluginManager:220 - loadIPPluginJar : add adc
2025-01-14 11:04:20,736 [INFO] IPUIPlugin:80 - create IPUIPlugin
2025-01-14 11:04:20,736 [INFO] PluginManager:220 - loadIPPluginJar : add aes
2025-01-14 11:04:20,738 [INFO] IPUIPlugin:80 - create IPUIPlugin
2025-01-14 11:04:20,738 [INFO] PluginManager:220 - loadIPPluginJar : add can
2025-01-14 11:04:20,739 [INFO] IPUIPlugin:80 - create IPUIPlugin
2025-01-14 11:04:20,740 [INFO] PluginManager:220 - loadIPPluginJar : add comp
2025-01-14 11:04:20,742 [INFO] IPUIPlugin:80 - create IPUIPlugin
2025-01-14 11:04:20,742 [INFO] PluginManager:220 - loadIPPluginJar : add cryp
2025-01-14 11:04:20,745 [INFO] IPUIPlugin:80 - create IPUIPlugin
2025-01-14 11:04:20,745 [INFO] PluginManager:220 - loadIPPluginJar : add ddr_ctrl_phy
2025-01-14 11:04:20,747 [INFO] IPUIPlugin:80 - create IPUIPlugin
2025-01-14 11:04:20,747 [INFO] PluginManager:220 - loadIPPluginJar : add dfsdm
2025-01-14 11:04:20,751 [INFO] IPUIPlugin:80 - create IPUIPlugin
2025-01-14 11:04:20,751 [INFO] PluginManager:220 - loadIPPluginJar : add dma
2025-01-14 11:04:20,753 [INFO] IPUIPlugin:80 - create IPUIPlugin
2025-01-14 11:04:20,753 [INFO] PluginManager:220 - loadIPPluginJar : add dma3
2025-01-14 11:04:20,756 [INFO] IPUIPlugin:80 - create IPUIPlugin
2025-01-14 11:04:20,756 [INFO] PluginManager:220 - loadIPPluginJar : add extmemmanager
2025-01-14 11:04:20,756 [INFO] IPUIPlugin:80 - create IPUIPlugin
2025-01-14 11:04:20,756 [INFO] PluginManager:220 - loadIPPluginJar : add fatfs
2025-01-14 11:04:20,760 [INFO] IPUIPlugin:80 - create IPUIPlugin
2025-01-14 11:04:20,760 [INFO] PluginManager:220 - loadIPPluginJar : add fmc
2025-01-14 11:04:20,765 [INFO] IPUIPlugin:80 - create IPUIPlugin
2025-01-14 11:04:20,765 [INFO] PluginManager:220 - loadIPPluginJar : add freertos
2025-01-14 11:04:20,767 [INFO] IPUIPlugin:80 - create IPUIPlugin
2025-01-14 11:04:20,767 [INFO] PluginManager:220 - loadIPPluginJar : add genericplugin
2025-01-14 11:04:20,768 [INFO] IPUIPlugin:80 - create IPUIPlugin
2025-01-14 11:04:20,768 [INFO] PluginManager:220 - loadIPPluginJar : add gfxmmu
2025-01-14 11:04:20,772 [INFO] IPUIPlugin:80 - create IPUIPlugin
2025-01-14 11:04:20,772 [INFO] PluginManager:220 - loadIPPluginJar : add gic
2025-01-14 11:04:20,775 [INFO] IPUIPlugin:80 - create IPUIPlugin
2025-01-14 11:04:20,775 [INFO] PluginManager:220 - loadIPPluginJar : add gpio
2025-01-14 11:04:20,777 [INFO] IPUIPlugin:80 - create IPUIPlugin
2025-01-14 11:04:20,777 [INFO] PluginManager:220 - loadIPPluginJar : add gtzc
2025-01-14 11:04:20,779 [INFO] IPUIPlugin:80 - create IPUIPlugin
2025-01-14 11:04:20,779 [INFO] PluginManager:220 - loadIPPluginJar : add hash
2025-01-14 11:04:20,781 [INFO] IPUIPlugin:80 - create IPUIPlugin
2025-01-14 11:04:20,781 [INFO] PluginManager:220 - loadIPPluginJar : add i2c
2025-01-14 11:04:20,783 [INFO] IPUIPlugin:80 - create IPUIPlugin
2025-01-14 11:04:20,783 [INFO] PluginManager:220 - loadIPPluginJar : add i2s
2025-01-14 11:04:20,785 [INFO] IPUIPlugin:80 - create IPUIPlugin
2025-01-14 11:04:20,785 [INFO] PluginManager:220 - loadIPPluginJar : add i3c
2025-01-14 11:04:20,788 [INFO] IPUIPlugin:80 - create IPUIPlugin
2025-01-14 11:04:20,788 [INFO] PluginManager:220 - loadIPPluginJar : add ipddr
2025-01-14 11:04:20,792 [INFO] IPUIPlugin:80 - create IPUIPlugin
2025-01-14 11:04:20,793 [INFO] PluginManager:220 - loadIPPluginJar : add linkedlist
2025-01-14 11:04:20,795 [INFO] IPUIPlugin:80 - create IPUIPlugin
2025-01-14 11:04:20,797 [INFO] PluginManager:220 - loadIPPluginJar : add lorawan
2025-01-14 11:04:20,797 [INFO] IPUIPlugin:80 - create IPUIPlugin
2025-01-14 11:04:20,797 [INFO] PluginManager:220 - loadIPPluginJar : add ltdc
2025-01-14 11:04:20,802 [INFO] IPUIPlugin:80 - create IPUIPlugin
2025-01-14 11:04:20,802 [INFO] PluginManager:220 - loadIPPluginJar : add mdma
2025-01-14 11:04:20,805 [INFO] IPUIPlugin:80 - create IPUIPlugin
2025-01-14 11:04:20,805 [INFO] PluginManager:220 - loadIPPluginJar : add nvic
2025-01-14 11:04:20,808 [INFO] IPUIPlugin:80 - create IPUIPlugin
2025-01-14 11:04:20,808 [INFO] PluginManager:220 - loadIPPluginJar : add opamp
2025-01-14 11:04:20,811 [INFO] IPUIPlugin:80 - create IPUIPlugin
2025-01-14 11:04:20,811 [INFO] PluginManager:220 - loadIPPluginJar : add openamp
2025-01-14 11:04:20,813 [INFO] IPUIPlugin:80 - create IPUIPlugin
2025-01-14 11:04:20,813 [INFO] PluginManager:220 - loadIPPluginJar : add pdm2pcm
2025-01-14 11:04:20,818 [INFO] IPUIPlugin:80 - create IPUIPlugin
2025-01-14 11:04:20,820 [INFO] PluginManager:220 - loadIPPluginJar : add plateformsettings
2025-01-14 11:04:20,821 [INFO] IPUIPlugin:80 - create IPUIPlugin
2025-01-14 11:04:20,821 [INFO] PluginManager:220 - loadIPPluginJar : add quadspi
2025-01-14 11:04:20,823 [INFO] IPUIPlugin:80 - create IPUIPlugin
2025-01-14 11:04:20,823 [INFO] PluginManager:220 - loadIPPluginJar : add radio
2025-01-14 11:04:20,825 [INFO] IPUIPlugin:80 - create IPUIPlugin
2025-01-14 11:04:20,825 [INFO] PluginManager:220 - loadIPPluginJar : add resmgrutility
2025-01-14 11:04:20,828 [INFO] IPUIPlugin:80 - create IPUIPlugin
2025-01-14 11:04:20,828 [INFO] PluginManager:220 - loadIPPluginJar : add sai
2025-01-14 11:04:20,830 [INFO] IPUIPlugin:80 - create IPUIPlugin
2025-01-14 11:04:20,830 [INFO] PluginManager:220 - loadIPPluginJar : add spi
2025-01-14 11:04:20,833 [INFO] IPUIPlugin:80 - create IPUIPlugin
2025-01-14 11:04:20,833 [INFO] PluginManager:220 - loadIPPluginJar : add stm32_wpan
2025-01-14 11:04:20,835 [INFO] IPUIPlugin:80 - create IPUIPlugin
2025-01-14 11:04:20,835 [INFO] PluginManager:220 - loadIPPluginJar : add tim
2025-01-14 11:04:20,837 [INFO] IPUIPlugin:80 - create IPUIPlugin
2025-01-14 11:04:20,838 [INFO] PluginManager:220 - loadIPPluginJar : add touchsensing
2025-01-14 11:04:20,839 [INFO] IPUIPlugin:80 - create IPUIPlugin
2025-01-14 11:04:20,839 [INFO] PluginManager:220 - loadIPPluginJar : add tracer_emb
2025-01-14 11:04:20,840 [INFO] IPUIPlugin:80 - create IPUIPlugin
2025-01-14 11:04:20,840 [INFO] PluginManager:220 - loadIPPluginJar : add ts
2025-01-14 11:04:20,842 [INFO] IPUIPlugin:80 - create IPUIPlugin
2025-01-14 11:04:20,842 [INFO] PluginManager:220 - loadIPPluginJar : add tsc
2025-01-14 11:04:20,844 [INFO] IPUIPlugin:80 - create IPUIPlugin
2025-01-14 11:04:20,844 [INFO] PluginManager:220 - loadIPPluginJar : add ucpd
2025-01-14 11:04:20,846 [INFO] IPUIPlugin:80 - create IPUIPlugin
2025-01-14 11:04:20,847 [INFO] PluginManager:220 - loadIPPluginJar : add usart
2025-01-14 11:04:20,849 [INFO] IPUIPlugin:80 - create IPUIPlugin
2025-01-14 11:04:20,849 [INFO] PluginManager:220 - loadIPPluginJar : add usbx
2025-01-14 11:04:20,976 [FATAL] Updater:351 - Updater called before beeing initialized
2025-01-14 11:04:21,000 [INFO] RulesReader:64 - Compatibility file has been processed (297 Rules)
2025-01-14 11:04:21,009 [INFO] RulesReader:64 - Compatibility file has been processed (297 Rules)
2025-01-14 11:04:21,022 [INFO] CADModel:165 - CPN selected for project level
2025-01-14 11:04:21,022 [INFO] CADModel:114 - Register for checkConnection events
2025-01-14 11:04:21,022 [FATAL] Updater:351 - Updater called before beeing initialized
2025-01-14 11:04:21,022 [ERROR] CADModel:125 - Updater not yet initialized, retry later 
2025-01-14 11:04:21,212 [FATAL] Updater:351 - Updater called before beeing initialized
2025-01-14 11:04:21,213 [INFO] CADModel:165 - CPN selected for project level
2025-01-14 11:04:21,213 [INFO] CADModel:114 - Register for checkConnection events
2025-01-14 11:04:21,213 [FATAL] Updater:351 - Updater called before beeing initialized
2025-01-14 11:04:21,214 [ERROR] CADModel:125 - Updater not yet initialized, retry later 
2025-01-14 11:04:21,217 [FATAL] Updater:351 - Updater called before beeing initialized
2025-01-14 11:04:21,345 [FATAL] Updater:351 - Updater called before beeing initialized
2025-01-14 11:04:21,364 [INFO] DbMcusAds:53 - JSON generation date=Fri Sep 20 09:04:23 EDT 2024 (1726837463113)
2025-01-14 11:04:21,365 [FATAL] Updater:351 - Updater called before beeing initialized
2025-01-14 11:04:21,407 [WARN] DetailPanel:346 - Failed to get advertising image, set to default
2025-01-14 11:04:21,645 [FATAL] Updater:351 - Updater called before beeing initialized
2025-01-14 11:04:21,647 [FATAL] Updater:351 - Updater called before beeing initialized
2025-01-14 11:04:21,647 [FATAL] Updater:351 - Updater called before beeing initialized
2025-01-14 11:04:21,647 [WARN] DetailPanel:346 - Failed to get advertising image, set to default
2025-01-14 11:04:21,648 [FATAL] Updater:351 - Updater called before beeing initialized
2025-01-14 11:04:21,700 [ERROR] Updater:1198 - MainUpdater not yet initialized. External WinMGr cannot be set.
2025-01-14 11:04:21,703 [INFO] Updater:1134 - Updater Version found : 6.13.0
2025-01-14 11:04:21,717 [INFO] ApplicationProperties:184 - Using Application install path: C:\ST\STM32CubeIDE_1.17.0\STM32CubeIDE\plugins\com.st.stm32cube.common.mx_6.13.0.202411220809
2025-01-14 11:04:23,179 [INFO] ThirdPartyUpdaterWithRetryManager:70 - Updater plugin not ready yet. [2/15]
2025-01-14 11:04:23,284 [ERROR] LogOutputStream:75 - [STDERR_REDIRECT] Jan 14, 2025 11:04:23 AM java.util.prefs.WindowsPreferences <init>
2025-01-14 11:04:23,285 [ERROR] LogOutputStream:75 - [STDERR_REDIRECT] WARNING: Could not open/create prefs root node Software\JavaSoft\Prefs at root 0xffffffff80000002. Windows RegCreateKeyEx(...) returned error code 5.
2025-01-14 11:04:23,285 [ERROR] LogOutputStream:75 - [STDERR_REDIRECT] 
2025-01-14 11:04:23,765 [INFO] MainUpdater:2872 - connection check result : 10
2025-01-14 11:04:23,766 [INFO] MainUpdater:289 - Updater Check For Update Now.
2025-01-14 11:04:23,766 [INFO] MicroXplorer:498 - Change Database Version : DB.6.0.130
2025-01-14 11:04:23,773 [INFO] McuFinderGlobals:63 - Set McuFinder mode to 2 (CubeIDE integrated)
2025-01-14 11:04:23,774 [INFO] UserAuth:486 - Internet connection configuration mode: 1
2025-01-14 11:04:23,825 [INFO] JxBrowserEngine:152 - Initiate JxBrowser Engine with user profile folder
2025-01-14 11:04:23,950 [INFO] CheckServerUpdateThread:120 - End of CheckServer Thread
2025-01-14 11:04:24,483 [INFO] WebApp:168 - Instantiating new browser for Auth
2025-01-14 11:04:25,125 [INFO] WebApp:449 - Apply proxy settings
2025-01-14 11:04:25,125 [INFO] WebApp:534 - Chromium requires no authentication
2025-01-14 11:04:25,132 [INFO] WebApp:477 - Direct internet connection detected
2025-01-14 11:04:25,157 [INFO] WebApp:880 - Register for checkConnection events
2025-01-14 11:04:25,157 [INFO] WebApp:449 - Apply proxy settings
2025-01-14 11:04:25,157 [INFO] WebApp:534 - Chromium requires no authentication
2025-01-14 11:04:25,157 [INFO] WebApp:477 - Direct internet connection detected
2025-01-14 11:04:25,305 [INFO] WebApp:221 - Starting web application
2025-01-14 11:04:25,307 [INFO] WebApp:579 - Web application path used C:\ST\STM32CubeIDE_1.17.0\STM32CubeIDE\plugins\com.st.stm32cube.common.mx_6.13.0.202411220809\db\plugins\mcufinder\reactClient1\index.html
2025-01-14 11:04:25,379 [INFO] UserAuth:486 - Internet connection configuration mode: 1
2025-01-14 11:04:25,597 [INFO] WebApp:187 - Connection restablished
2025-01-14 11:04:26,357 [WARN] PackLoader:240 - Cannot read IP mode file for STMicroelectronics.FP-SNS-MOTENVWB1.1.4.0
2025-01-14 11:04:26,413 [WARN] PackLoader:240 - Cannot read IP mode file for STMicroelectronics.FP-ATR-ASTRA1.2.0.1
2025-01-14 11:04:26,430 [WARN] PackLoader:240 - Cannot read IP mode file for STMicroelectronics.X-CUBE-SMBUS.2.1.0
2025-01-14 11:04:26,440 [WARN] PackLoader:240 - Cannot read IP mode file for STMicroelectronics.X-CUBE-WB05N.1.1.0
2025-01-14 11:04:26,475 [WARN] PackLoader:240 - Cannot read IP mode file for STMicroelectronics.X-CUBE-AZRTOS-F7.1.1.0
2025-01-14 11:04:26,537 [WARN] PackLoader:240 - Cannot read IP mode file for STMicroelectronics.X-CUBE-MEMS1.11.0.0
2025-01-14 11:04:26,713 [WARN] PackLoader:240 - Cannot read IP mode file for STMicroelectronics.FP-SNS-FLIGHT1.5.0.2
2025-01-14 11:04:26,722 [WARN] PackLoader:240 - Cannot read IP mode file for STMicroelectronics.X-CUBE-DISPLAY.3.0.0
2025-01-14 11:04:26,730 [WARN] PackLoader:240 - Cannot read IP mode file for STMicroelectronics.X-CUBE-BLE1.7.0.0
2025-01-14 11:04:26,735 [WARN] PackLoader:240 - Cannot read IP mode file for STMicroelectronics.X-CUBE-NFC10.1.0.0
2025-01-14 11:04:26,743 [WARN] PackLoader:240 - Cannot read IP mode file for STMicroelectronics.X-CUBE-BLEMGR.4.0.0
2025-01-14 11:04:26,753 [WARN] PackLoader:240 - Cannot read IP mode file for STMicroelectronics.X-CUBE-BLEMGR.3.1.0
2025-01-14 11:04:26,759 [WARN] PackLoader:240 - Cannot read IP mode file for STMicroelectronics.FP-SNS-SMARTAG2.1.2.0
2025-01-14 11:04:26,795 [WARN] PackLoader:240 - Cannot read IP mode file for STMicroelectronics.X-CUBE-MEMS1.11.1.0
2025-01-14 11:04:26,910 [INFO] LogOutputStream:77 - [STDOUT_REDIRECT] 1 : Invalid condition id : UX_CORESTACK_Condition cause : null
2025-01-14 11:04:26,912 [INFO] LogOutputStream:77 - [STDOUT_REDIRECT] 1 : Invalid condition id : UX_CORESTACK_Condition cause : null
2025-01-14 11:04:26,913 [INFO] LogOutputStream:77 - [STDOUT_REDIRECT] 1 : Invalid condition id : UX_CORESTACK_Condition cause : null
2025-01-14 11:04:26,915 [INFO] LogOutputStream:77 - [STDOUT_REDIRECT] 1 : Invalid condition id : UX_CORESTACK_Condition cause : null
2025-01-14 11:04:26,917 [INFO] LogOutputStream:77 - [STDOUT_REDIRECT] 1 : Invalid condition id : UX_CORESTACK_Condition cause : null
2025-01-14 11:04:26,919 [WARN] PackLoader:240 - Cannot read IP mode file for STMicroelectronics.X-CUBE-AZRTOS-WL.2.0.0
2025-01-14 11:04:26,923 [WARN] PackLoader:240 - Cannot read IP mode file for STMicroelectronics.FP-SNS-MOTENV1.5.0.0
2025-01-14 11:04:26,928 [WARN] PackLoader:240 - Cannot read IP mode file for wolfSSL.I-CUBE-wolfMQTT.1.19.0
2025-01-14 11:04:26,940 [WARN] PackLoader:240 - Cannot read IP mode file for WES.I-CUBE-Cesium.1.3.0
2025-01-14 11:04:26,944 [WARN] PackLoader:240 - Cannot read IP mode file for STMicroelectronics.X-CUBE-BLE2.3.3.0
2025-01-14 11:04:26,950 [WARN] PackLoader:240 - Cannot read IP mode file for STMicroelectronics.X-CUBE-NFC9.1.0.0
2025-01-14 11:04:26,956 [WARN] PackLoader:240 - Cannot read IP mode file for STMicroelectronics.X-CUBE-TCPP.4.1.0
2025-01-14 11:04:26,969 [WARN] PackLoader:240 - Cannot read IP mode file for STMicroelectronics.X-CUBE-AZRTOS-G0.1.1.0
2025-01-14 11:04:26,975 [WARN] PackLoader:240 - Cannot read IP mode file for STMicroelectronics.X-CUBE-SAFEA1.1.2.2
2025-01-14 11:04:26,981 [WARN] PackLoader:240 - Cannot read IP mode file for STMicroelectronics.X-CUBE-NFC4.3.0.0
2025-01-14 11:04:26,990 [WARN] PackLoader:240 - Cannot read IP mode file for EmbeddedOffice.I-CUBE-FS-RTOS.1.0.1
2025-01-14 11:04:26,994 [WARN] PackLoader:240 - Cannot read IP mode file for STMicroelectronics.X-CUBE-TCPP.4.2.0
2025-01-14 11:04:26,998 [WARN] PackLoader:240 - Cannot read IP mode file for STMicroelectronics.FP-ATR-SIGFOX1.3.2.0
2025-01-14 11:04:27,003 [WARN] ConditionMgr:438 - getConditionDescription Invalid condition id : Cortex-A Device cause : null
2025-01-14 11:04:27,045 [WARN] ConditionMgr:1044 - genDependencies : Invalid condition id : Cortex-A Device cause : null
2025-01-14 11:04:27,045 [WARN] ConditionMgr:1044 - genDependencies : Invalid condition id : Cortex-A Device cause : null
2025-01-14 11:04:27,045 [WARN] ConditionMgr:1044 - genDependencies : Invalid condition id : Cortex-A Device cause : null
2025-01-14 11:04:27,051 [WARN] PackLoader:240 - Cannot read IP mode file for STMicroelectronics.X-CUBE-EEPRMA1.5.1.0
2025-01-14 11:04:27,057 [WARN] PackLoader:240 - Cannot read IP mode file for ITTIA_DB.I-CUBE-ITTIADB.8.9.0
2025-01-14 11:04:27,079 [WARN] PackLoader:240 - Cannot read IP mode file for SEGGER.I-CUBE-embOS.1.3.1
2025-01-14 11:04:27,115 [WARN] PackLoader:240 - Cannot read IP mode file for STMicroelectronics.X-CUBE-ALGOBUILD.1.4.0
2025-01-14 11:04:27,120 [WARN] PackLoader:240 - Cannot read IP mode file for STMicroelectronics.X-CUBE-AI.9.1.0
2025-01-14 11:04:27,124 [WARN] PackLoader:240 - Cannot read IP mode file for STMicroelectronics.X-CUBE-GNSS1.6.0.0
2025-01-14 11:04:27,137 [WARN] PackLoader:240 - Cannot read IP mode file for STMicroelectronics.X-CUBE-AZRTOS-F4.1.1.0
2025-01-14 11:04:27,142 [WARN] PackLoader:240 - Cannot read IP mode file for STMicroelectronics.X-CUBE-ISPU.2.1.0
2025-01-14 11:04:27,145 [WARN] PackLoader:240 - Cannot read IP mode file for STMicroelectronics.X-CUBE-FREERTOS.1.2.0
2025-01-14 11:04:27,158 [WARN] PackLoader:240 - Cannot read IP mode file for STMicroelectronics.X-CUBE-AZRTOS-L5.2.0.0
2025-01-14 11:04:27,164 [WARN] PackLoader:240 - Cannot read IP mode file for STMicroelectronics.X-CUBE-NFC6.3.1.0
2025-01-14 11:04:27,168 [WARN] PackLoader:240 - Cannot read IP mode file for STMicroelectronics.X-CUBE-AI.9.0.0
2025-01-14 11:04:27,172 [WARN] PackLoader:240 - Cannot read IP mode file for STMicroelectronics.X-CUBE-FREERTOS.1.3.0
2025-01-14 11:04:27,178 [WARN] PackLoader:240 - Cannot read IP mode file for STMicroelectronics.X-CUBE-NFC7.1.0.1
2025-01-14 11:04:27,190 [WARN] ConditionMgr:438 - getConditionDescription Invalid condition id : LAN8742 Phy interface Condition cause : null
2025-01-14 11:04:27,191 [WARN] PackLoader:240 - Cannot read IP mode file for STMicroelectronics.X-CUBE-AZRTOS-L4.2.0.0
2025-01-14 11:04:27,191 [WARN] ConditionMgr:1044 - genDependencies : Invalid condition id : LAN8742 Phy interface Condition cause : null
2025-01-14 11:04:27,192 [WARN] ConditionMgr:1044 - genDependencies : Invalid condition id : LAN8742 Phy interface Condition cause : null
2025-01-14 11:04:27,192 [WARN] ConditionMgr:1044 - genDependencies : Invalid condition id : LAN8742 Phy interface Condition cause : null
2025-01-14 11:04:27,197 [WARN] PackLoader:240 - Cannot read IP mode file for STMicroelectronics.X-CUBE-SFXS2LP1.4.0.0
2025-01-14 11:04:27,205 [WARN] PackLoader:240 - Cannot read IP mode file for STMicroelectronics.X-CUBE-IPS.3.0.0
2025-01-14 11:04:27,218 [WARN] ConditionMgr:438 - getConditionDescription Invalid condition id : UX DEVICE CLASS RTOS Condition cause : null
2025-01-14 11:04:27,218 [WARN] ConditionMgr:438 - getConditionDescription Invalid condition id : UX DEVICE CLASS RTOS Condition cause : null
2025-01-14 11:04:27,220 [WARN] PackLoader:240 - Cannot read IP mode file for STMicroelectronics.X-CUBE-AZRTOS-WB.2.0.0
2025-01-14 11:04:27,220 [WARN] ConditionMgr:1044 - genDependencies : Invalid condition id : UX DEVICE CLASS RTOS Condition cause : null
2025-01-14 11:04:27,220 [WARN] ConditionMgr:1044 - genDependencies : Invalid condition id : UX DEVICE CLASS RTOS Condition cause : null
2025-01-14 11:04:27,220 [WARN] ConditionMgr:1044 - genDependencies : Invalid condition id : UX DEVICE CLASS RTOS Condition cause : null
2025-01-14 11:04:27,220 [WARN] ConditionMgr:1044 - genDependencies : Invalid condition id : UX DEVICE CLASS RTOS Condition cause : null
2025-01-14 11:04:27,221 [WARN] ConditionMgr:1044 - genDependencies : Invalid condition id : UX DEVICE CLASS RTOS Condition cause : null
2025-01-14 11:04:27,224 [WARN] PackLoader:240 - Cannot read IP mode file for STMicroelectronics.X-CUBE-GNSS1.7.0.0
2025-01-14 11:04:27,229 [WARN] PackLoader:240 - Cannot read IP mode file for STMicroelectronics.X-CUBE-GNSS1.7.0.1
2025-01-14 11:04:27,237 [WARN] PackLoader:240 - Cannot read IP mode file for STMicroelectronics.X-CUBE-SUBG2.5.0.0
2025-01-14 11:04:27,242 [WARN] PackLoader:240 - Cannot read IP mode file for Cesanta.I-CUBE-Mongoose.7.13.0
2025-01-14 11:04:27,257 [WARN] PackLoader:240 - Cannot read IP mode file for STMicroelectronics.X-CUBE-AZRTOS-G4.2.0.0
2025-01-14 11:04:27,263 [WARN] PackLoader:240 - Cannot read IP mode file for STMicroelectronics.X-CUBE-ISPU.2.0.0
2025-01-14 11:04:27,273 [WARN] PackLoader:240 - Cannot read IP mode file for STMicroelectronics.X-CUBE-IPS.3.1.0
2025-01-14 11:04:27,282 [WARN] PackLoader:240 - Cannot read IP mode file for STMicroelectronics.X-CUBE-ALS.1.0.2
2025-01-14 11:04:27,303 [WARN] PackLoader:240 - Cannot read IP mode file for STMicroelectronics.X-CUBE-TOUCHGFX.4.24.0
2025-01-14 11:04:27,307 [WARN] PackLoader:240 - Cannot read IP mode file for STMicroelectronics.X-CUBE-TOUCHGFX.4.24.2
2025-01-14 11:04:27,311 [WARN] PackLoader:240 - Cannot read IP mode file for STMicroelectronics.X-CUBE-TOUCHGFX.4.24.1
2025-01-14 11:04:27,316 [WARN] PackLoader:240 - Cannot read IP mode file for portGmbH.I-Cube-SoM-uGOAL.1.1.0
2025-01-14 11:04:27,329 [WARN] PackLoader:240 - Cannot read IP mode file for STMicroelectronics.X-CUBE-AZRTOS-H7RS.1.0.0
2025-01-14 11:04:27,332 [WARN] PackLoader:240 - Cannot read IP mode file for STMicroelectronics.FP-ATR-ASTRA1.2.0.0
2025-01-14 11:04:27,343 [WARN] PackLoader:240 - Cannot read IP mode file for Infineon.AIROC-Wi-Fi-Bluetooth-STM32.1.6.1
2025-01-14 11:04:27,347 [INFO] ThirdParty:978 - Integrity check success = true
2025-01-14 11:04:27,347 [INFO] IntegrityCheckThread:100 - exiting critical section [integrity check]
2025-01-14 11:04:27,348 [INFO] IntegrityCheckThread:103 - End integrity checks thread
2025-01-14 11:04:29,486 [ERROR] LogOutputStream:75 - [STDERR_REDIRECT] 
